2025-05-02 10:01:18,215 - audio_input - INFO - Using default audio device: Loopback: PCM (hw:0,0)
2025-05-02 10:01:18,215 - signal_analysis - INFO - Signal analyzer initialized: sr=48000, bs=512
2025-05-02 10:01:18,215 - awesome_ipc - INFO - Connected to socket: /tmp/audio_vfx.sock
2025-05-02 10:01:18,215 - __main__ - INFO - Starting audio analysis... Press Ctrl+C to exit
2025-05-02 10:01:18,216 - audio_input - INFO - Audio stream started: device=0, sr=48000, blocksize=512
2025-05-02 10:01:18,239 - awesome_ipc - WARNING - Socket error: [Errno 2] No such file or directory. Attempting to reconnect...
2025-05-02 10:01:19,240 - awesome_ipc - INFO - Connected to socket: /tmp/audio_vfx.sock
2025-05-02 10:01:19,241 - awesome_ipc - WARNING - Socket error: [Errno 2] No such file or directory. Attempting to reconnect...
2025-05-02 10:01:20,242 - awesome_ipc - INFO - Connected to socket: /tmp/audio_vfx.sock
2025-05-02 10:01:20,265 - audio_input - WARNING - Audio stream status: input overflow
2025-05-02 10:01:20,266 - awesome_ipc - WARNING - Socket error: [Errno 2] No such file or directory. Attempting to reconnect...
2025-05-02 10:01:21,266 - awesome_ipc - INFO - Connected to socket: /tmp/audio_vfx.sock
2025-05-02 10:01:21,266 - audio_input - WARNING - Audio stream status: input overflow
2025-05-02 10:01:21,266 - awesome_ipc - WARNING - Socket error: [Errno 2] No such file or directory. Attempting to reconnect...
2025-05-02 10:01:22,267 - awesome_ipc - INFO - Connected to socket: /tmp/audio_vfx.sock
2025-05-02 10:01:22,289 - audio_input - WARNING - Audio stream status: input overflow
2025-05-02 10:01:22,290 - awesome_ipc - WARNING - Socket error: [Errno 2] No such file or directory. Attempting to reconnect...
2025-05-02 10:01:22,969 - __main__ - INFO - Status: vol=0.000 peak=False beat=False midi=[]
2025-05-02 10:01:23,290 - awesome_ipc - INFO - Connected to socket: /tmp/audio_vfx.sock
2025-05-02 10:01:23,290 - audio_input - WARNING - Audio stream status: input overflow
2025-05-02 10:01:23,291 - awesome_ipc - WARNING - Socket error: [Errno 2] No such file or directory. Attempting to reconnect...
2025-05-02 10:01:24,291 - awesome_ipc - INFO - Connected to socket: /tmp/audio_vfx.sock
2025-05-02 10:01:24,314 - audio_input - WARNING - Audio stream status: input overflow
2025-05-02 10:01:24,314 - awesome_ipc - WARNING - Socket error: [Errno 2] No such file or directory. Attempting to reconnect...
2025-05-02 10:01:25,314 - awesome_ipc - INFO - Connected to socket: /tmp/audio_vfx.sock
2025-05-02 10:01:25,315 - audio_input - WARNING - Audio stream status: input overflow
2025-05-02 10:01:25,315 - awesome_ipc - WARNING - Socket error: [Errno 2] No such file or directory. Attempting to reconnect...
2025-05-02 10:01:26,315 - awesome_ipc - INFO - Connected to socket: /tmp/audio_vfx.sock
2025-05-02 10:01:26,338 - audio_input - WARNING - Audio stream status: input overflow
2025-05-02 10:01:26,339 - awesome_ipc - WARNING - Socket error: [Errno 2] No such file or directory. Attempting to reconnect...
2025-05-02 10:01:27,339 - awesome_ipc - INFO - Connected to socket: /tmp/audio_vfx.sock
2025-05-02 10:01:27,339 - audio_input - WARNING - Audio stream status: input overflow
2025-05-02 10:01:27,340 - awesome_ipc - WARNING - Socket error: [Errno 2] No such file or directory. Attempting to reconnect...
2025-05-02 10:01:27,768 - __main__ - INFO - Shutting down...
2025-05-02 10:01:28,340 - awesome_ipc - INFO - Connected to socket: /tmp/audio_vfx.sock
2025-05-02 10:01:28,340 - audio_input - INFO - Audio stream stopped
2025-05-02 10:01:28,349 - awesome_ipc - INFO - Socket closed
2025-05-02 10:01:28,349 - __main__ - INFO - Status: vol=0.000 peak=False beat=False midi=[]
2025-05-02 10:07:51,149 - audio_input - INFO - Using default audio device: Loopback: PCM (hw:0,0)
2025-05-02 10:07:51,149 - signal_analysis - INFO - Signal analyzer initialized: sr=48000, bs=1024
2025-05-02 10:07:51,149 - awesome_ipc - INFO - Connected to socket: /tmp/audio_vfx.sock (via /tmp/audio_vfx.sock_client_90220)
2025-05-02 10:07:51,149 - __main__ - INFO - Starting audio analysis... Press Ctrl+C to exit
2025-05-02 10:07:51,150 - audio_input - INFO - Audio stream started: device=0, sr=48000, blocksize=1024
2025-05-02 10:07:51,172 - awesome_ipc - WARNING - Socket error: [Errno 2] No such file or directory. Attempting to reconnect...
2025-05-02 10:07:52,173 - awesome_ipc - INFO - Connected to socket: /tmp/audio_vfx.sock (via /tmp/audio_vfx.sock_client_90220)
2025-05-02 10:07:52,196 - audio_input - WARNING - Audio stream status: input overflow
2025-05-02 10:07:52,196 - awesome_ipc - WARNING - Socket error: [Errno 2] No such file or directory. Attempting to reconnect...
2025-05-02 10:07:53,197 - awesome_ipc - INFO - Connected to socket: /tmp/audio_vfx.sock (via /tmp/audio_vfx.sock_client_90220)
2025-05-02 10:07:53,220 - audio_input - WARNING - Audio stream status: input overflow
2025-05-02 10:07:53,220 - awesome_ipc - WARNING - Socket error: [Errno 2] No such file or directory. Attempting to reconnect...
2025-05-02 10:07:54,221 - awesome_ipc - INFO - Connected to socket: /tmp/audio_vfx.sock (via /tmp/audio_vfx.sock_client_90220)
2025-05-02 10:07:54,244 - audio_input - WARNING - Audio stream status: input overflow
2025-05-02 10:07:54,244 - awesome_ipc - WARNING - Socket error: [Errno 2] No such file or directory. Attempting to reconnect...
2025-05-02 10:07:55,245 - awesome_ipc - INFO - Connected to socket: /tmp/audio_vfx.sock (via /tmp/audio_vfx.sock_client_90220)
2025-05-02 10:07:55,267 - audio_input - WARNING - Audio stream status: input overflow
2025-05-02 10:07:55,268 - awesome_ipc - WARNING - Socket error: [Errno 2] No such file or directory. Attempting to reconnect...
2025-05-02 10:07:55,903 - __main__ - INFO - Status: vol=0.000 peak=False beat=False midi=[]
2025-05-02 10:07:56,268 - awesome_ipc - INFO - Connected to socket: /tmp/audio_vfx.sock (via /tmp/audio_vfx.sock_client_90220)
2025-05-02 10:07:56,291 - audio_input - WARNING - Audio stream status: input overflow
2025-05-02 10:07:56,292 - awesome_ipc - WARNING - Socket error: [Errno 2] No such file or directory. Attempting to reconnect...
2025-05-02 10:07:57,292 - awesome_ipc - INFO - Connected to socket: /tmp/audio_vfx.sock (via /tmp/audio_vfx.sock_client_90220)
2025-05-02 10:07:57,314 - audio_input - WARNING - Audio stream status: input overflow
2025-05-02 10:07:57,314 - awesome_ipc - WARNING - Socket error: [Errno 2] No such file or directory. Attempting to reconnect...
2025-05-02 10:07:58,315 - awesome_ipc - INFO - Connected to socket: /tmp/audio_vfx.sock (via /tmp/audio_vfx.sock_client_90220)
2025-05-02 10:07:58,338 - audio_input - WARNING - Audio stream status: input overflow
2025-05-02 10:07:58,338 - awesome_ipc - WARNING - Socket error: [Errno 2] No such file or directory. Attempting to reconnect...
2025-05-02 10:07:59,339 - awesome_ipc - INFO - Connected to socket: /tmp/audio_vfx.sock (via /tmp/audio_vfx.sock_client_90220)
2025-05-02 10:07:59,361 - audio_input - WARNING - Audio stream status: input overflow
2025-05-02 10:07:59,362 - awesome_ipc - WARNING - Socket error: [Errno 2] No such file or directory. Attempting to reconnect...
2025-05-02 10:08:00,362 - awesome_ipc - INFO - Connected to socket: /tmp/audio_vfx.sock (via /tmp/audio_vfx.sock_client_90220)
2025-05-02 10:08:00,384 - audio_input - WARNING - Audio stream status: input overflow
2025-05-02 10:08:00,385 - awesome_ipc - WARNING - Socket error: [Errno 2] No such file or directory. Attempting to reconnect...
2025-05-02 10:08:00,771 - __main__ - INFO - Status: vol=0.000 peak=False beat=False midi=[]
2025-05-02 10:08:01,385 - awesome_ipc - INFO - Connected to socket: /tmp/audio_vfx.sock (via /tmp/audio_vfx.sock_client_90220)
2025-05-02 10:08:01,408 - audio_input - WARNING - Audio stream status: input overflow
2025-05-02 10:08:01,408 - awesome_ipc - WARNING - Socket error: [Errno 2] No such file or directory. Attempting to reconnect...
2025-05-02 10:08:02,409 - awesome_ipc - INFO - Connected to socket: /tmp/audio_vfx.sock (via /tmp/audio_vfx.sock_client_90220)
2025-05-02 10:08:02,432 - audio_input - WARNING - Audio stream status: input overflow
2025-05-02 10:08:02,432 - awesome_ipc - WARNING - Socket error: [Errno 2] No such file or directory. Attempting to reconnect...
2025-05-02 10:08:03,433 - awesome_ipc - INFO - Connected to socket: /tmp/audio_vfx.sock (via /tmp/audio_vfx.sock_client_90220)
2025-05-02 10:08:03,455 - audio_input - WARNING - Audio stream status: input overflow
2025-05-02 10:08:03,455 - awesome_ipc - WARNING - Socket error: [Errno 2] No such file or directory. Attempting to reconnect...
2025-05-02 10:08:04,456 - awesome_ipc - INFO - Connected to socket: /tmp/audio_vfx.sock (via /tmp/audio_vfx.sock_client_90220)
2025-05-02 10:08:04,479 - audio_input - WARNING - Audio stream status: input overflow
2025-05-02 10:08:04,479 - awesome_ipc - WARNING - Socket error: [Errno 2] No such file or directory. Attempting to reconnect...
2025-05-02 10:08:05,480 - awesome_ipc - INFO - Connected to socket: /tmp/audio_vfx.sock (via /tmp/audio_vfx.sock_client_90220)
2025-05-02 10:08:05,502 - audio_input - WARNING - Audio stream status: input overflow
2025-05-02 10:08:05,502 - awesome_ipc - WARNING - Socket error: [Errno 2] No such file or directory. Attempting to reconnect...
2025-05-02 10:08:05,771 - __main__ - INFO - Status: vol=0.000 peak=False beat=False midi=[]
2025-05-02 10:08:06,503 - awesome_ipc - INFO - Connected to socket: /tmp/audio_vfx.sock (via /tmp/audio_vfx.sock_client_90220)
2025-05-02 10:08:06,526 - audio_input - WARNING - Audio stream status: input overflow
2025-05-02 10:08:06,526 - awesome_ipc - WARNING - Socket error: [Errno 2] No such file or directory. Attempting to reconnect...
2025-05-02 10:08:07,527 - awesome_ipc - INFO - Connected to socket: /tmp/audio_vfx.sock (via /tmp/audio_vfx.sock_client_90220)
2025-05-02 10:08:07,549 - audio_input - WARNING - Audio stream status: input overflow
2025-05-02 10:08:07,549 - awesome_ipc - WARNING - Socket error: [Errno 2] No such file or directory. Attempting to reconnect...
2025-05-02 10:08:08,550 - awesome_ipc - INFO - Connected to socket: /tmp/audio_vfx.sock (via /tmp/audio_vfx.sock_client_90220)
2025-05-02 10:08:08,573 - audio_input - WARNING - Audio stream status: input overflow
2025-05-02 10:08:08,574 - awesome_ipc - WARNING - Socket error: [Errno 2] No such file or directory. Attempting to reconnect...
2025-05-02 10:08:09,574 - awesome_ipc - INFO - Connected to socket: /tmp/audio_vfx.sock (via /tmp/audio_vfx.sock_client_90220)
2025-05-02 10:08:09,597 - audio_input - WARNING - Audio stream status: input overflow
2025-05-02 10:08:09,598 - awesome_ipc - WARNING - Socket error: [Errno 2] No such file or directory. Attempting to reconnect...
2025-05-02 10:08:10,598 - awesome_ipc - INFO - Connected to socket: /tmp/audio_vfx.sock (via /tmp/audio_vfx.sock_client_90220)
2025-05-02 10:08:10,620 - audio_input - WARNING - Audio stream status: input overflow
2025-05-02 10:08:10,621 - awesome_ipc - WARNING - Socket error: [Errno 2] No such file or directory. Attempting to reconnect...
2025-05-02 10:08:10,771 - __main__ - INFO - Status: vol=0.000 peak=False beat=False midi=[]
2025-05-02 10:08:11,621 - awesome_ipc - INFO - Connected to socket: /tmp/audio_vfx.sock (via /tmp/audio_vfx.sock_client_90220)
2025-05-02 10:08:11,643 - audio_input - WARNING - Audio stream status: input overflow
2025-05-02 10:08:11,644 - awesome_ipc - WARNING - Socket error: [Errno 2] No such file or directory. Attempting to reconnect...
2025-05-02 10:08:12,644 - awesome_ipc - INFO - Connected to socket: /tmp/audio_vfx.sock (via /tmp/audio_vfx.sock_client_90220)
2025-05-02 10:08:12,666 - audio_input - WARNING - Audio stream status: input overflow
2025-05-02 10:08:12,666 - awesome_ipc - WARNING - Socket error: [Errno 2] No such file or directory. Attempting to reconnect...
2025-05-02 10:08:13,667 - awesome_ipc - INFO - Connected to socket: /tmp/audio_vfx.sock (via /tmp/audio_vfx.sock_client_90220)
2025-05-02 10:08:13,690 - audio_input - WARNING - Audio stream status: input overflow
2025-05-02 10:08:13,691 - awesome_ipc - WARNING - Socket error: [Errno 2] No such file or directory. Attempting to reconnect...
2025-05-02 10:08:14,691 - awesome_ipc - INFO - Connected to socket: /tmp/audio_vfx.sock (via /tmp/audio_vfx.sock_client_90220)
2025-05-02 10:08:14,714 - audio_input - WARNING - Audio stream status: input overflow
2025-05-02 10:08:14,714 - awesome_ipc - WARNING - Socket error: [Errno 2] No such file or directory. Attempting to reconnect...
2025-05-02 10:08:15,715 - awesome_ipc - INFO - Connected to socket: /tmp/audio_vfx.sock (via /tmp/audio_vfx.sock_client_90220)
2025-05-02 10:08:15,737 - audio_input - WARNING - Audio stream status: input overflow
2025-05-02 10:08:15,737 - awesome_ipc - WARNING - Socket error: [Errno 2] No such file or directory. Attempting to reconnect...
2025-05-02 10:08:15,767 - __main__ - INFO - Shutting down...
2025-05-02 10:08:16,738 - awesome_ipc - INFO - Connected to socket: /tmp/audio_vfx.sock (via /tmp/audio_vfx.sock_client_90220)
2025-05-02 10:08:16,738 - __main__ - INFO - Shutting down...
2025-05-02 10:08:16,738 - audio_input - INFO - Audio stream stopped
2025-05-02 10:08:16,742 - awesome_ipc - INFO - Socket closed
2025-05-02 10:08:16,742 - awesome_ipc - INFO - Removed temporary socket file: /tmp/audio_vfx.sock_client_90220
2025-05-02 10:08:16,742 - audio_input - ERROR - Error stopping audio stream: 'NoneType' object has no attribute 'close'
2025-05-02 10:08:16,742 - __main__ - INFO - Status: vol=0.000 peak=False beat=False midi=[]
2025-05-02 10:10:19,012 - audio_input - INFO - Using default audio device: Loopback: PCM (hw:0,0)
2025-05-02 10:10:19,012 - signal_analysis - INFO - Signal analyzer initialized: sr=48000, bs=2048
2025-05-02 10:10:19,012 - awesome_ipc - INFO - Server socket /tmp/audio_vfx.sock doesn't exist, creating it
2025-05-02 10:10:19,012 - awesome_ipc - INFO - Created server socket: /tmp/audio_vfx.sock
2025-05-02 10:10:19,012 - awesome_ipc - INFO - Connected to socket: /tmp/audio_vfx.sock (via /tmp/audio_vfx.sock_client_93649)
2025-05-02 10:10:19,013 - __main__ - INFO - Starting audio analysis... Press Ctrl+C to exit
2025-05-02 10:10:19,013 - audio_input - INFO - Audio stream started: device=0, sr=48000, blocksize=2048
2025-05-02 10:10:19,058 - awesome_ipc - WARNING - Socket error: [Errno 111] Connection refused. Attempting to reconnect...
2025-05-02 10:10:20,058 - awesome_ipc - INFO - Connected to socket: /tmp/audio_vfx.sock (via /tmp/audio_vfx.sock_client_93649)
2025-05-02 10:10:20,102 - audio_input - WARNING - Audio stream status: input overflow
2025-05-02 10:10:20,103 - awesome_ipc - WARNING - Socket error: [Errno 111] Connection refused. Attempting to reconnect...
2025-05-02 10:10:21,103 - awesome_ipc - INFO - Connected to socket: /tmp/audio_vfx.sock (via /tmp/audio_vfx.sock_client_93649)
2025-05-02 10:10:21,146 - audio_input - WARNING - Audio stream status: input overflow
2025-05-02 10:10:21,147 - awesome_ipc - WARNING - Socket error: [Errno 111] Connection refused. Attempting to reconnect...
2025-05-02 10:10:22,147 - awesome_ipc - INFO - Connected to socket: /tmp/audio_vfx.sock (via /tmp/audio_vfx.sock_client_93649)
2025-05-02 10:10:22,190 - audio_input - WARNING - Audio stream status: input overflow
2025-05-02 10:10:22,190 - awesome_ipc - WARNING - Socket error: [Errno 111] Connection refused. Attempting to reconnect...
2025-05-02 10:10:23,191 - awesome_ipc - INFO - Connected to socket: /tmp/audio_vfx.sock (via /tmp/audio_vfx.sock_client_93649)
2025-05-02 10:10:23,234 - audio_input - WARNING - Audio stream status: input overflow
2025-05-02 10:10:23,234 - awesome_ipc - WARNING - Socket error: [Errno 111] Connection refused. Attempting to reconnect...
2025-05-02 10:10:23,771 - __main__ - INFO - Status: vol=0.000 peak=False beat=False midi=[]
2025-05-02 10:10:24,235 - awesome_ipc - INFO - Connected to socket: /tmp/audio_vfx.sock (via /tmp/audio_vfx.sock_client_93649)
2025-05-02 10:10:24,278 - audio_input - WARNING - Audio stream status: input overflow
2025-05-02 10:10:24,278 - awesome_ipc - WARNING - Socket error: [Errno 111] Connection refused. Attempting to reconnect...
2025-05-02 10:10:25,279 - awesome_ipc - INFO - Connected to socket: /tmp/audio_vfx.sock (via /tmp/audio_vfx.sock_client_93649)
2025-05-02 10:10:25,322 - audio_input - WARNING - Audio stream status: input overflow
2025-05-02 10:10:25,323 - awesome_ipc - WARNING - Socket error: [Errno 111] Connection refused. Attempting to reconnect...
2025-05-02 10:10:26,323 - awesome_ipc - INFO - Connected to socket: /tmp/audio_vfx.sock (via /tmp/audio_vfx.sock_client_93649)
2025-05-02 10:10:26,366 - audio_input - WARNING - Audio stream status: input overflow
2025-05-02 10:10:26,366 - awesome_ipc - WARNING - Socket error: [Errno 111] Connection refused. Attempting to reconnect...
2025-05-02 10:10:27,367 - awesome_ipc - INFO - Connected to socket: /tmp/audio_vfx.sock (via /tmp/audio_vfx.sock_client_93649)
2025-05-02 10:10:27,411 - audio_input - WARNING - Audio stream status: input overflow
2025-05-02 10:10:27,412 - awesome_ipc - WARNING - Socket error: [Errno 111] Connection refused. Attempting to reconnect...
2025-05-02 10:10:28,412 - awesome_ipc - INFO - Connected to socket: /tmp/audio_vfx.sock (via /tmp/audio_vfx.sock_client_93649)
2025-05-02 10:10:28,455 - audio_input - WARNING - Audio stream status: input overflow
2025-05-02 10:10:28,455 - awesome_ipc - WARNING - Socket error: [Errno 111] Connection refused. Attempting to reconnect...
2025-05-02 10:10:28,771 - __main__ - INFO - Status: vol=0.000 peak=False beat=False midi=[]
2025-05-02 10:10:29,456 - awesome_ipc - INFO - Connected to socket: /tmp/audio_vfx.sock (via /tmp/audio_vfx.sock_client_93649)
2025-05-02 10:10:29,499 - audio_input - WARNING - Audio stream status: input overflow
2025-05-02 10:10:29,499 - awesome_ipc - WARNING - Socket error: [Errno 111] Connection refused. Attempting to reconnect...
2025-05-02 10:10:30,500 - awesome_ipc - INFO - Connected to socket: /tmp/audio_vfx.sock (via /tmp/audio_vfx.sock_client_93649)
2025-05-02 10:10:30,543 - audio_input - WARNING - Audio stream status: input overflow
2025-05-02 10:10:30,544 - awesome_ipc - WARNING - Socket error: [Errno 111] Connection refused. Attempting to reconnect...
2025-05-02 10:10:31,544 - awesome_ipc - INFO - Connected to socket: /tmp/audio_vfx.sock (via /tmp/audio_vfx.sock_client_93649)
2025-05-02 10:10:31,587 - audio_input - WARNING - Audio stream status: input overflow
2025-05-02 10:10:31,587 - awesome_ipc - WARNING - Socket error: [Errno 111] Connection refused. Attempting to reconnect...
2025-05-02 10:10:32,588 - awesome_ipc - INFO - Connected to socket: /tmp/audio_vfx.sock (via /tmp/audio_vfx.sock_client_93649)
2025-05-02 10:10:32,631 - audio_input - WARNING - Audio stream status: input overflow
2025-05-02 10:10:32,631 - awesome_ipc - WARNING - Socket error: [Errno 111] Connection refused. Attempting to reconnect...
2025-05-02 10:10:33,632 - awesome_ipc - INFO - Connected to socket: /tmp/audio_vfx.sock (via /tmp/audio_vfx.sock_client_93649)
2025-05-02 10:10:33,675 - audio_input - WARNING - Audio stream status: input overflow
2025-05-02 10:10:33,675 - awesome_ipc - WARNING - Socket error: [Errno 111] Connection refused. Attempting to reconnect...
2025-05-02 10:10:33,768 - __main__ - INFO - Shutting down...
2025-05-02 10:10:34,676 - awesome_ipc - INFO - Connected to socket: /tmp/audio_vfx.sock (via /tmp/audio_vfx.sock_client_93649)
2025-05-02 10:10:34,676 - audio_input - INFO - Audio stream stopped
2025-05-02 10:10:34,684 - awesome_ipc - INFO - Socket closed
2025-05-02 10:10:34,684 - awesome_ipc - INFO - Removed temporary socket file: /tmp/audio_vfx.sock_client_93649
2025-05-02 10:19:04,634 - __main__ - INFO - Running in TEST MODE - audio data will be self-contained and socket will act as both client and server
2025-05-02 10:19:04,634 - audio_input - INFO - Using default audio device: Loopback: PCM (hw:0,0)
2025-05-02 10:19:04,634 - signal_analysis - INFO - Signal analyzer initialized: sr=48000, bs=2048
2025-05-02 10:19:04,634 - awesome_ipc - INFO - Testing mode: Bound directly to /tmp/audio_vfx.sock
2025-05-02 10:19:04,634 - awesome_ipc - INFO - Connected to socket: /tmp/audio_vfx.sock (via /tmp/audio_vfx.sock)
2025-05-02 10:19:04,634 - awesome_ipc - INFO - Test listener thread started
2025-05-02 10:19:04,634 - awesome_ipc - INFO - Started test listener thread
2025-05-02 10:19:04,635 - __main__ - INFO - Starting audio analysis... Press Ctrl+C to exit
2025-05-02 10:19:04,635 - audio_input - INFO - Audio stream started: device=0, sr=48000, blocksize=2048
2025-05-02 10:19:07,156 - audio_input - WARNING - Audio stream status: input overflow
2025-05-02 10:19:09,771 - __main__ - INFO - Status: vol=0.000 peak=False beat=False midi=[]
2025-05-02 10:19:10,656 - audio_input - WARNING - Audio stream status: input overflow
2025-05-02 10:19:11,256 - audio_input - WARNING - Audio stream status: input overflow
2025-05-02 10:19:11,941 - audio_input - WARNING - Audio stream status: input overflow
2025-05-02 10:19:12,158 - audio_input - WARNING - Audio stream status: input overflow
2025-05-02 10:19:13,269 - audio_input - WARNING - Audio stream status: input overflow
2025-05-02 10:19:13,698 - audio_input - WARNING - Audio stream status: input overflow
2025-05-02 10:19:14,256 - audio_input - WARNING - Audio stream status: input overflow
2025-05-02 10:19:14,771 - __main__ - INFO - Status: vol=0.000 peak=False beat=False midi=[]
2025-05-02 10:19:19,771 - __main__ - INFO - Status: vol=0.000 peak=False beat=False midi=[]
2025-05-02 10:19:21,084 - audio_input - WARNING - Audio stream status: input overflow
2025-05-02 10:19:24,771 - __main__ - INFO - Status: vol=0.000 peak=False beat=False midi=[]
2025-05-02 10:19:29,767 - __main__ - INFO - Shutting down...
2025-05-02 10:19:29,789 - audio_input - INFO - Audio stream stopped
2025-05-02 10:19:30,160 - awesome_ipc - INFO - Test listener thread stopped
2025-05-02 10:19:30,160 - awesome_ipc - INFO - Socket closed
2025-05-02 10:19:30,160 - awesome_ipc - INFO - Removed temporary socket file: /tmp/audio_vfx.sock
2025-05-02 10:21:25,802 - __main__ - INFO - Running in TEST MODE - audio data will be self-contained and socket will act as both client and server
2025-05-02 10:21:25,803 - audio_input - INFO - Using default audio device: Loopback: PCM (hw:0,0)
2025-05-02 10:21:25,803 - signal_analysis - INFO - Signal analyzer initialized: sr=48000, bs=4096
2025-05-02 10:21:25,803 - awesome_ipc - INFO - Testing mode: Bound directly to /tmp/audio_vfx.sock
2025-05-02 10:21:25,803 - awesome_ipc - INFO - Connected to socket: /tmp/audio_vfx.sock (via /tmp/audio_vfx.sock)
2025-05-02 10:21:25,803 - awesome_ipc - INFO - Test listener thread started
2025-05-02 10:21:25,803 - awesome_ipc - INFO - Started test listener thread
2025-05-02 10:21:25,804 - __main__ - INFO - Starting audio analysis... Press Ctrl+C to exit
2025-05-02 10:21:25,804 - audio_input - INFO - Using latency mode: high
2025-05-02 10:21:25,804 - audio_input - INFO - Audio stream started: device=0, sr=48000, blocksize=4096
2025-05-02 10:21:30,771 - __main__ - INFO - Status: vol=0.000 peak=False beat=False midi=[]
2025-05-02 10:21:35,771 - __main__ - INFO - Status: vol=0.000 peak=False beat=False midi=[]
2025-05-02 10:21:40,771 - __main__ - INFO - Status: vol=0.000 peak=False beat=False midi=[]
2025-05-02 10:21:45,771 - __main__ - INFO - Status: vol=0.000 peak=False beat=False midi=[]
2025-05-02 10:21:50,768 - __main__ - INFO - Shutting down...
2025-05-02 10:21:50,812 - audio_input - INFO - Audio stream stopped
2025-05-02 10:21:50,827 - awesome_ipc - INFO - Test listener thread stopped
2025-05-02 10:21:50,827 - awesome_ipc - INFO - Socket closed
2025-05-02 10:21:50,827 - awesome_ipc - INFO - Removed temporary socket file: /tmp/audio_vfx.sock
2025-05-02 10:26:50,425 - __main__ - INFO - Running in TEST MODE - audio data will be self-contained and socket will act as both client and server
2025-05-02 10:26:50,426 - audio_input - INFO - Audio device set to: Loopback Analog Stereo (idx: 24)
2025-05-02 10:26:50,426 - signal_analysis - INFO - Signal analyzer initialized: sr=48000, bs=4096
2025-05-02 10:26:50,426 - awesome_ipc - INFO - Testing mode: Bound directly to /tmp/audio_vfx.sock
2025-05-02 10:26:50,426 - awesome_ipc - INFO - Connected to socket: /tmp/audio_vfx.sock (via /tmp/audio_vfx.sock)
2025-05-02 10:26:50,426 - awesome_ipc - INFO - Test listener thread started
2025-05-02 10:26:50,426 - awesome_ipc - INFO - Started test listener thread
2025-05-02 10:26:50,426 - __main__ - INFO - Starting audio analysis... Press Ctrl+C to exit
2025-05-02 10:26:50,426 - audio_input - INFO - Using latency mode: high
2025-05-02 10:26:50,430 - audio_input - INFO - Audio stream started: device=24, sr=48000, blocksize=4096
2025-05-02 10:26:55,681 - __main__ - INFO - Status: vol=0.000 peak=False beat=False midi=[]
2025-05-02 10:27:00,771 - __main__ - INFO - Status: vol=0.000 peak=False beat=False midi=[]
2025-05-02 10:27:05,771 - __main__ - INFO - Status: vol=0.000 peak=False beat=False midi=[]
2025-05-02 10:27:10,771 - __main__ - INFO - Status: vol=0.000 peak=False beat=False midi=[]
2025-05-02 10:27:15,771 - __main__ - INFO - Status: vol=0.000 peak=False beat=False midi=[]
2025-05-02 10:27:20,771 - __main__ - INFO - Status: vol=0.000 peak=False beat=False midi=[]
2025-05-02 10:27:25,771 - __main__ - INFO - Status: vol=0.000 peak=False beat=False midi=[]
2025-05-02 10:27:30,771 - __main__ - INFO - Status: vol=0.000 peak=False beat=False midi=[]
2025-05-02 10:27:35,771 - __main__ - INFO - Status: vol=0.000 peak=False beat=False midi=[]
2025-05-02 10:27:40,771 - __main__ - INFO - Status: vol=0.000 peak=False beat=False midi=[]
2025-05-02 10:27:45,771 - __main__ - INFO - Status: vol=0.000 peak=False beat=False midi=[]
2025-05-02 10:27:50,771 - __main__ - INFO - Status: vol=0.000 peak=False beat=False midi=[]
2025-05-02 10:27:55,771 - __main__ - INFO - Status: vol=0.000 peak=False beat=False midi=[]
2025-05-02 10:28:00,771 - __main__ - INFO - Status: vol=0.000 peak=False beat=False midi=[]
2025-05-02 10:28:05,771 - __main__ - INFO - Status: vol=0.000 peak=False beat=False midi=[]
2025-05-02 10:28:10,772 - __main__ - INFO - Status: vol=0.000 peak=False beat=False midi=[]
2025-05-02 10:28:15,771 - __main__ - INFO - Status: vol=0.000 peak=False beat=False midi=[]
2025-05-02 10:28:20,771 - __main__ - INFO - Status: vol=0.000 peak=False beat=False midi=[]
2025-05-02 10:28:25,771 - __main__ - INFO - Status: vol=0.000 peak=False beat=False midi=[]
2025-05-02 10:28:30,771 - __main__ - INFO - Status: vol=0.000 peak=False beat=False midi=[]
2025-05-02 10:28:35,771 - __main__ - INFO - Status: vol=0.000 peak=False beat=False midi=[]
2025-05-02 10:28:40,771 - __main__ - INFO - Status: vol=0.000 peak=False beat=False midi=[]
2025-05-02 10:28:45,768 - __main__ - INFO - Shutting down...
2025-05-02 10:28:45,771 - audio_input - INFO - Audio stream stopped
2025-05-02 10:28:46,035 - awesome_ipc - INFO - Test listener thread stopped
2025-05-02 10:28:46,035 - awesome_ipc - INFO - Socket closed
2025-05-02 10:28:46,035 - awesome_ipc - INFO - Removed temporary socket file: /tmp/audio_vfx.sock
2025-05-02 10:28:49,066 - __main__ - INFO - Running in TEST MODE - audio data will be self-contained and socket will act as both client and server
2025-05-02 10:28:49,066 - audio_input - INFO - Audio device set to: Loopback Analog Stereo (idx: 24)
2025-05-02 10:28:49,066 - signal_analysis - INFO - Signal analyzer initialized: sr=48000, bs=4096
2025-05-02 10:28:49,067 - awesome_ipc - INFO - Testing mode: Bound directly to /tmp/audio_vfx.sock
2025-05-02 10:28:49,067 - awesome_ipc - INFO - Connected to socket: /tmp/audio_vfx.sock (via /tmp/audio_vfx.sock)
2025-05-02 10:28:49,067 - awesome_ipc - INFO - Test listener thread started
2025-05-02 10:28:49,067 - awesome_ipc - INFO - Started test listener thread
2025-05-02 10:28:49,067 - __main__ - INFO - Starting audio analysis... Press Ctrl+C to exit
2025-05-02 10:28:49,067 - audio_input - INFO - Using latency mode: high
2025-05-02 10:28:49,076 - audio_input - INFO - Audio stream started: device=24, sr=48000, blocksize=4096
2025-05-02 10:28:53,821 - __main__ - INFO - Status: vol=0.000 peak=False beat=False midi=[]
2025-05-02 10:28:58,771 - __main__ - INFO - Status: vol=0.000 peak=False beat=False midi=[]
2025-05-02 10:29:03,767 - __main__ - INFO - Shutting down...
2025-05-02 10:29:03,771 - audio_input - INFO - Audio stream stopped
2025-05-02 10:29:04,081 - awesome_ipc - INFO - Test listener thread stopped
2025-05-02 10:29:04,081 - awesome_ipc - INFO - Socket closed
2025-05-02 10:29:04,081 - awesome_ipc - INFO - Removed temporary socket file: /tmp/audio_vfx.sock
2025-05-02 10:54:12,089 - __main__ - INFO - Running in TEST MODE - audio data will be self-contained and socket will act as both client and server
2025-05-02 10:54:12,090 - audio_input - INFO - Selected audio device by name: Loopback: PCM (hw:0,0)
2025-05-02 10:54:12,090 - audio_input - INFO - Audio device set to: Loopback: PCM (hw:0,0) (idx: 0)
2025-05-02 10:54:12,090 - signal_analysis - INFO - Signal analyzer initialized: sr=44100, bs=4096
2025-05-02 10:54:12,090 - awesome_ipc - INFO - Testing mode: Bound directly to /tmp/audio_vfx.sock
2025-05-02 10:54:12,090 - awesome_ipc - INFO - Connected to socket: /tmp/audio_vfx.sock (via /tmp/audio_vfx.sock)
2025-05-02 10:54:12,090 - awesome_ipc - INFO - Test listener thread started
2025-05-02 10:54:12,090 - awesome_ipc - INFO - Started test listener thread
2025-05-02 10:54:12,090 - __main__ - INFO - Starting audio analysis... Press Ctrl+C to exit
2025-05-02 10:54:12,090 - audio_input - INFO - Using latency mode: high
2025-05-02 10:54:12,091 - audio_input - INFO - Audio stream started: device=0, sr=44100, blocksize=4096
2025-05-02 10:54:16,845 - __main__ - INFO - Status: vol=0.000 peak=False beat=False midi=[]
2025-05-02 10:54:21,771 - __main__ - INFO - Status: vol=0.000 peak=False beat=False midi=[]
2025-05-02 10:54:26,771 - __main__ - INFO - Status: vol=0.000 peak=False beat=False midi=[]
2025-05-02 10:54:31,768 - __main__ - INFO - Shutting down...
2025-05-02 10:54:31,789 - audio_input - INFO - Audio stream stopped
2025-05-02 10:54:32,106 - awesome_ipc - INFO - Test listener thread stopped
2025-05-02 10:54:32,106 - awesome_ipc - INFO - Socket closed
2025-05-02 10:54:32,106 - awesome_ipc - INFO - Removed temporary socket file: /tmp/audio_vfx.sock
2025-05-02 11:00:04,137 - audio_input - INFO - Audio device set to: Zen (idx: 25)
2025-05-02 11:00:04,137 - signal_analysis - INFO - Signal analyzer initialized: sr=48000, bs=4096
2025-05-02 11:00:04,137 - awesome_ipc - INFO - Server socket /tmp/audio_vfx.sock doesn't exist, creating it
2025-05-02 11:00:04,138 - awesome_ipc - INFO - Created server socket: /tmp/audio_vfx.sock
2025-05-02 11:00:04,138 - awesome_ipc - INFO - Connected to socket: /tmp/audio_vfx.sock (via /tmp/audio_vfx.sock_client_161910)
2025-05-02 11:00:04,138 - __main__ - INFO - Starting audio analysis... Press Ctrl+C to exit
2025-05-02 11:00:04,138 - audio_input - INFO - Using latency mode: high
2025-05-02 11:00:04,144 - audio_input - INFO - Audio stream started: device=25, sr=48000, blocksize=4096
2025-05-02 11:00:04,225 - awesome_ipc - WARNING - Socket error: [Errno 111] Connection refused. Attempting to reconnect...
2025-05-02 11:00:05,225 - awesome_ipc - INFO - Connected to socket: /tmp/audio_vfx.sock (via /tmp/audio_vfx.sock_client_161910)
2025-05-02 11:00:05,313 - awesome_ipc - WARNING - Socket error: [Errno 111] Connection refused. Attempting to reconnect...
2025-05-02 11:00:06,313 - awesome_ipc - INFO - Connected to socket: /tmp/audio_vfx.sock (via /tmp/audio_vfx.sock_client_161910)
2025-05-02 11:00:06,402 - awesome_ipc - WARNING - Socket error: [Errno 111] Connection refused. Attempting to reconnect...
2025-05-02 11:00:07,402 - awesome_ipc - INFO - Connected to socket: /tmp/audio_vfx.sock (via /tmp/audio_vfx.sock_client_161910)
2025-05-02 11:00:07,490 - awesome_ipc - WARNING - Socket error: [Errno 111] Connection refused. Attempting to reconnect...
2025-05-02 11:00:08,490 - awesome_ipc - INFO - Connected to socket: /tmp/audio_vfx.sock (via /tmp/audio_vfx.sock_client_161910)
2025-05-02 11:00:08,573 - awesome_ipc - WARNING - Socket error: [Errno 111] Connection refused. Attempting to reconnect...
2025-05-02 11:00:08,892 - __main__ - INFO - Status: vol=0.158 [##############################] peak=False beat=False midi=[]
2025-05-02 11:00:09,573 - awesome_ipc - INFO - Connected to socket: /tmp/audio_vfx.sock (via /tmp/audio_vfx.sock_client_161910)
2025-05-02 11:00:09,655 - awesome_ipc - WARNING - Socket error: [Errno 111] Connection refused. Attempting to reconnect...
2025-05-02 11:00:10,656 - awesome_ipc - INFO - Connected to socket: /tmp/audio_vfx.sock (via /tmp/audio_vfx.sock_client_161910)
2025-05-02 11:00:10,738 - awesome_ipc - WARNING - Socket error: [Errno 111] Connection refused. Attempting to reconnect...
2025-05-02 11:00:11,738 - awesome_ipc - INFO - Connected to socket: /tmp/audio_vfx.sock (via /tmp/audio_vfx.sock_client_161910)
2025-05-02 11:00:11,821 - awesome_ipc - WARNING - Socket error: [Errno 111] Connection refused. Attempting to reconnect...
2025-05-02 11:00:12,821 - awesome_ipc - INFO - Connected to socket: /tmp/audio_vfx.sock (via /tmp/audio_vfx.sock_client_161910)
2025-05-02 11:00:12,903 - awesome_ipc - WARNING - Socket error: [Errno 111] Connection refused. Attempting to reconnect...
2025-05-02 11:00:13,769 - __main__ - INFO - Shutting down...
2025-05-02 11:00:13,904 - awesome_ipc - INFO - Connected to socket: /tmp/audio_vfx.sock (via /tmp/audio_vfx.sock_client_161910)
2025-05-02 11:00:13,909 - audio_input - INFO - Audio stream stopped
2025-05-02 11:00:13,910 - awesome_ipc - INFO - Socket closed
2025-05-02 11:00:13,910 - awesome_ipc - INFO - Removed temporary socket file: /tmp/audio_vfx.sock_client_161910
2025-05-02 11:01:20,749 - __main__ - INFO - Running in TEST MODE - audio data will be self-contained and socket will act as both client and server
2025-05-02 11:01:20,749 - audio_input - INFO - Audio device set to: Zen (idx: 25)
2025-05-02 11:01:20,749 - signal_analysis - INFO - Signal analyzer initialized: sr=48000, bs=4096
2025-05-02 11:01:20,749 - awesome_ipc - INFO - Testing mode: Bound directly to /tmp/audio_vfx.sock
2025-05-02 11:01:20,749 - awesome_ipc - INFO - Connected to socket: /tmp/audio_vfx.sock (via /tmp/audio_vfx.sock)
2025-05-02 11:01:20,749 - awesome_ipc - INFO - Test listener thread started
2025-05-02 11:01:20,749 - awesome_ipc - INFO - Started test listener thread
2025-05-02 11:01:20,750 - __main__ - INFO - Starting audio analysis... Press Ctrl+C to exit
2025-05-02 11:01:20,750 - audio_input - INFO - Using latency mode: high
2025-05-02 11:01:20,753 - audio_input - INFO - Audio stream started: device=25, sr=48000, blocksize=4096
2025-05-02 11:01:25,771 - __main__ - INFO - Status: vol=0.297 [##############################] peak=True beat=True midi=[]
2025-05-02 11:01:30,771 - __main__ - INFO - Status: vol=0.097 [##############################] peak=False beat=False midi=[]
2025-05-02 11:01:35,771 - __main__ - INFO - Status: vol=0.301 [##############################] peak=True beat=False midi=[]
2025-05-02 11:01:40,767 - __main__ - INFO - Shutting down...
2025-05-02 11:01:40,772 - audio_input - INFO - Audio stream stopped
2025-05-02 11:01:41,267 - awesome_ipc - INFO - Test listener thread stopped
2025-05-02 11:01:41,267 - awesome_ipc - INFO - Socket closed
2025-05-02 11:01:41,267 - awesome_ipc - INFO - Removed temporary socket file: /tmp/audio_vfx.sock
2025-05-02 11:29:16,255 - audio_input - INFO - Audio device set to: PulseAudio Volume Control (idx: 25)
2025-05-02 11:29:16,255 - signal_analysis - INFO - Signal analyzer initialized: sr=48000, bs=4096
2025-05-02 11:29:16,255 - awesome_ipc - INFO - Server socket /tmp/audio_vfx.sock doesn't exist, creating it
2025-05-02 11:29:16,256 - awesome_ipc - INFO - Created server socket: /tmp/audio_vfx.sock
2025-05-02 11:29:16,256 - awesome_ipc - INFO - Connected to socket: /tmp/audio_vfx.sock (via /tmp/audio_vfx.sock_client_200193)
2025-05-02 11:29:16,256 - __main__ - INFO - Starting audio analysis... Press Ctrl+C to exit
2025-05-02 11:29:16,256 - audio_input - INFO - Using latency mode: high
2025-05-02 11:29:16,266 - audio_input - INFO - Audio stream started: device=25, sr=48000, blocksize=4096
2025-05-02 11:29:16,346 - awesome_ipc - WARNING - Socket error: [Errno 111] Connection refused. Attempting to reconnect...
2025-05-02 11:29:17,347 - awesome_ipc - INFO - Connected to socket: /tmp/audio_vfx.sock (via /tmp/audio_vfx.sock_client_200193)
2025-05-02 11:29:17,434 - awesome_ipc - WARNING - Socket error: [Errno 111] Connection refused. Attempting to reconnect...
2025-05-02 11:29:18,434 - awesome_ipc - INFO - Connected to socket: /tmp/audio_vfx.sock (via /tmp/audio_vfx.sock_client_200193)
2025-05-02 11:29:18,517 - awesome_ipc - WARNING - Socket error: [Errno 111] Connection refused. Attempting to reconnect...
2025-05-02 11:29:19,518 - awesome_ipc - INFO - Connected to socket: /tmp/audio_vfx.sock (via /tmp/audio_vfx.sock_client_200193)
2025-05-02 11:29:19,600 - awesome_ipc - WARNING - Socket error: [Errno 111] Connection refused. Attempting to reconnect...
2025-05-02 11:29:20,600 - awesome_ipc - INFO - Connected to socket: /tmp/audio_vfx.sock (via /tmp/audio_vfx.sock_client_200193)
2025-05-02 11:29:20,682 - awesome_ipc - WARNING - Socket error: [Errno 111] Connection refused. Attempting to reconnect...
2025-05-02 11:29:21,009 - __main__ - INFO - Status: vol=0.000 peak=False beat=False midi=[]
2025-05-02 11:29:21,683 - awesome_ipc - INFO - Connected to socket: /tmp/audio_vfx.sock (via /tmp/audio_vfx.sock_client_200193)
2025-05-02 11:29:21,765 - awesome_ipc - WARNING - Socket error: [Errno 111] Connection refused. Attempting to reconnect...
2025-05-02 11:29:22,765 - awesome_ipc - INFO - Connected to socket: /tmp/audio_vfx.sock (via /tmp/audio_vfx.sock_client_200193)
2025-05-02 11:29:22,847 - awesome_ipc - WARNING - Socket error: [Errno 111] Connection refused. Attempting to reconnect...
2025-05-02 11:29:23,848 - awesome_ipc - INFO - Connected to socket: /tmp/audio_vfx.sock (via /tmp/audio_vfx.sock_client_200193)
2025-05-02 11:29:23,930 - awesome_ipc - WARNING - Socket error: [Errno 111] Connection refused. Attempting to reconnect...
2025-05-02 11:29:24,930 - awesome_ipc - INFO - Connected to socket: /tmp/audio_vfx.sock (via /tmp/audio_vfx.sock_client_200193)
2025-05-02 11:29:25,013 - awesome_ipc - WARNING - Socket error: [Errno 111] Connection refused. Attempting to reconnect...
2025-05-02 11:29:25,771 - __main__ - INFO - Status: vol=0.000 peak=False beat=False midi=[]
2025-05-02 11:29:26,013 - awesome_ipc - INFO - Connected to socket: /tmp/audio_vfx.sock (via /tmp/audio_vfx.sock_client_200193)
2025-05-02 11:29:26,095 - awesome_ipc - WARNING - Socket error: [Errno 111] Connection refused. Attempting to reconnect...
2025-05-02 11:29:27,096 - awesome_ipc - INFO - Connected to socket: /tmp/audio_vfx.sock (via /tmp/audio_vfx.sock_client_200193)
2025-05-02 11:29:27,178 - awesome_ipc - WARNING - Socket error: [Errno 111] Connection refused. Attempting to reconnect...
2025-05-02 11:29:28,178 - awesome_ipc - INFO - Connected to socket: /tmp/audio_vfx.sock (via /tmp/audio_vfx.sock_client_200193)
2025-05-02 11:29:28,261 - awesome_ipc - WARNING - Socket error: [Errno 111] Connection refused. Attempting to reconnect...
2025-05-02 11:29:29,261 - awesome_ipc - INFO - Connected to socket: /tmp/audio_vfx.sock (via /tmp/audio_vfx.sock_client_200193)
2025-05-02 11:29:29,343 - awesome_ipc - WARNING - Socket error: [Errno 111] Connection refused. Attempting to reconnect...
2025-05-02 11:29:30,344 - awesome_ipc - INFO - Connected to socket: /tmp/audio_vfx.sock (via /tmp/audio_vfx.sock_client_200193)
2025-05-02 11:29:30,426 - awesome_ipc - WARNING - Socket error: [Errno 111] Connection refused. Attempting to reconnect...
2025-05-02 11:29:30,771 - __main__ - INFO - Status: vol=0.000 peak=False beat=False midi=[]
2025-05-02 11:29:31,426 - awesome_ipc - INFO - Connected to socket: /tmp/audio_vfx.sock (via /tmp/audio_vfx.sock_client_200193)
2025-05-02 11:29:31,509 - awesome_ipc - WARNING - Socket error: [Errno 111] Connection refused. Attempting to reconnect...
2025-05-02 11:29:32,509 - awesome_ipc - INFO - Connected to socket: /tmp/audio_vfx.sock (via /tmp/audio_vfx.sock_client_200193)
2025-05-02 11:29:32,591 - awesome_ipc - WARNING - Socket error: [Errno 111] Connection refused. Attempting to reconnect...
2025-05-02 11:29:33,592 - awesome_ipc - INFO - Connected to socket: /tmp/audio_vfx.sock (via /tmp/audio_vfx.sock_client_200193)
2025-05-02 11:29:33,674 - awesome_ipc - WARNING - Socket error: [Errno 111] Connection refused. Attempting to reconnect...
2025-05-02 11:29:34,674 - awesome_ipc - INFO - Connected to socket: /tmp/audio_vfx.sock (via /tmp/audio_vfx.sock_client_200193)
2025-05-02 11:29:34,757 - awesome_ipc - WARNING - Socket error: [Errno 111] Connection refused. Attempting to reconnect...
2025-05-02 11:29:35,757 - awesome_ipc - INFO - Connected to socket: /tmp/audio_vfx.sock (via /tmp/audio_vfx.sock_client_200193)
2025-05-02 11:29:35,771 - __main__ - INFO - Status: vol=0.000 peak=False beat=False midi=[]
2025-05-02 11:29:35,839 - awesome_ipc - WARNING - Socket error: [Errno 111] Connection refused. Attempting to reconnect...
2025-05-02 11:29:36,840 - awesome_ipc - INFO - Connected to socket: /tmp/audio_vfx.sock (via /tmp/audio_vfx.sock_client_200193)
2025-05-02 11:29:36,922 - awesome_ipc - WARNING - Socket error: [Errno 111] Connection refused. Attempting to reconnect...
2025-05-02 11:29:37,922 - awesome_ipc - INFO - Connected to socket: /tmp/audio_vfx.sock (via /tmp/audio_vfx.sock_client_200193)
2025-05-02 11:29:38,005 - awesome_ipc - WARNING - Socket error: [Errno 111] Connection refused. Attempting to reconnect...
2025-05-02 11:29:39,006 - awesome_ipc - INFO - Connected to socket: /tmp/audio_vfx.sock (via /tmp/audio_vfx.sock_client_200193)
2025-05-02 11:29:39,087 - awesome_ipc - WARNING - Socket error: [Errno 111] Connection refused. Attempting to reconnect...
2025-05-02 11:29:40,088 - awesome_ipc - INFO - Connected to socket: /tmp/audio_vfx.sock (via /tmp/audio_vfx.sock_client_200193)
2025-05-02 11:29:40,170 - awesome_ipc - WARNING - Socket error: [Errno 111] Connection refused. Attempting to reconnect...
2025-05-02 11:29:40,771 - __main__ - INFO - Status: vol=0.000 peak=False beat=False midi=[]
2025-05-02 11:29:41,170 - awesome_ipc - INFO - Connected to socket: /tmp/audio_vfx.sock (via /tmp/audio_vfx.sock_client_200193)
2025-05-02 11:29:41,253 - awesome_ipc - WARNING - Socket error: [Errno 111] Connection refused. Attempting to reconnect...
2025-05-02 11:29:42,253 - awesome_ipc - INFO - Connected to socket: /tmp/audio_vfx.sock (via /tmp/audio_vfx.sock_client_200193)
2025-05-02 11:29:42,335 - awesome_ipc - WARNING - Socket error: [Errno 111] Connection refused. Attempting to reconnect...
2025-05-02 11:29:43,336 - awesome_ipc - INFO - Connected to socket: /tmp/audio_vfx.sock (via /tmp/audio_vfx.sock_client_200193)
2025-05-02 11:29:43,418 - awesome_ipc - WARNING - Socket error: [Errno 111] Connection refused. Attempting to reconnect...
2025-05-02 11:29:44,418 - awesome_ipc - INFO - Connected to socket: /tmp/audio_vfx.sock (via /tmp/audio_vfx.sock_client_200193)
2025-05-02 11:29:44,501 - awesome_ipc - WARNING - Socket error: [Errno 111] Connection refused. Attempting to reconnect...
2025-05-02 11:29:45,501 - awesome_ipc - INFO - Connected to socket: /tmp/audio_vfx.sock (via /tmp/audio_vfx.sock_client_200193)
2025-05-02 11:29:45,583 - awesome_ipc - WARNING - Socket error: [Errno 111] Connection refused. Attempting to reconnect...
2025-05-02 11:29:45,771 - __main__ - INFO - Status: vol=0.000 peak=False beat=False midi=[]
2025-05-02 11:29:46,584 - awesome_ipc - INFO - Connected to socket: /tmp/audio_vfx.sock (via /tmp/audio_vfx.sock_client_200193)
2025-05-02 11:29:46,666 - awesome_ipc - WARNING - Socket error: [Errno 111] Connection refused. Attempting to reconnect...
2025-05-02 11:29:47,667 - awesome_ipc - INFO - Connected to socket: /tmp/audio_vfx.sock (via /tmp/audio_vfx.sock_client_200193)
2025-05-02 11:29:47,749 - awesome_ipc - WARNING - Socket error: [Errno 111] Connection refused. Attempting to reconnect...
2025-05-02 11:29:48,750 - awesome_ipc - INFO - Connected to socket: /tmp/audio_vfx.sock (via /tmp/audio_vfx.sock_client_200193)
2025-05-02 11:29:48,832 - awesome_ipc - WARNING - Socket error: [Errno 111] Connection refused. Attempting to reconnect...
2025-05-02 11:29:49,832 - awesome_ipc - INFO - Connected to socket: /tmp/audio_vfx.sock (via /tmp/audio_vfx.sock_client_200193)
2025-05-02 11:29:49,914 - awesome_ipc - WARNING - Socket error: [Errno 111] Connection refused. Attempting to reconnect...
2025-05-02 11:29:50,771 - __main__ - INFO - Status: vol=0.000 peak=False beat=False midi=[]
2025-05-02 11:29:50,914 - awesome_ipc - INFO - Connected to socket: /tmp/audio_vfx.sock (via /tmp/audio_vfx.sock_client_200193)
2025-05-02 11:29:50,997 - awesome_ipc - WARNING - Socket error: [Errno 111] Connection refused. Attempting to reconnect...
2025-05-02 11:29:51,997 - awesome_ipc - INFO - Connected to socket: /tmp/audio_vfx.sock (via /tmp/audio_vfx.sock_client_200193)
2025-05-02 11:29:52,080 - awesome_ipc - WARNING - Socket error: [Errno 111] Connection refused. Attempting to reconnect...
2025-05-02 11:29:53,080 - awesome_ipc - INFO - Connected to socket: /tmp/audio_vfx.sock (via /tmp/audio_vfx.sock_client_200193)
2025-05-02 11:29:53,162 - awesome_ipc - WARNING - Socket error: [Errno 111] Connection refused. Attempting to reconnect...
2025-05-02 11:29:54,162 - awesome_ipc - INFO - Connected to socket: /tmp/audio_vfx.sock (via /tmp/audio_vfx.sock_client_200193)
2025-05-02 11:29:54,245 - awesome_ipc - WARNING - Socket error: [Errno 111] Connection refused. Attempting to reconnect...
2025-05-02 11:29:55,245 - awesome_ipc - INFO - Connected to socket: /tmp/audio_vfx.sock (via /tmp/audio_vfx.sock_client_200193)
2025-05-02 11:29:55,327 - awesome_ipc - WARNING - Socket error: [Errno 111] Connection refused. Attempting to reconnect...
2025-05-02 11:29:55,771 - __main__ - INFO - Status: vol=0.000 peak=False beat=False midi=[]
2025-05-02 11:29:56,328 - awesome_ipc - INFO - Connected to socket: /tmp/audio_vfx.sock (via /tmp/audio_vfx.sock_client_200193)
2025-05-02 11:29:56,410 - awesome_ipc - WARNING - Socket error: [Errno 111] Connection refused. Attempting to reconnect...
2025-05-02 11:29:57,410 - awesome_ipc - INFO - Connected to socket: /tmp/audio_vfx.sock (via /tmp/audio_vfx.sock_client_200193)
2025-05-02 11:29:57,493 - awesome_ipc - WARNING - Socket error: [Errno 111] Connection refused. Attempting to reconnect...
2025-05-02 11:29:58,493 - awesome_ipc - INFO - Connected to socket: /tmp/audio_vfx.sock (via /tmp/audio_vfx.sock_client_200193)
2025-05-02 11:29:58,576 - awesome_ipc - WARNING - Socket error: [Errno 111] Connection refused. Attempting to reconnect...
2025-05-02 11:29:59,576 - awesome_ipc - INFO - Connected to socket: /tmp/audio_vfx.sock (via /tmp/audio_vfx.sock_client_200193)
2025-05-02 11:29:59,658 - awesome_ipc - WARNING - Socket error: [Errno 111] Connection refused. Attempting to reconnect...
2025-05-02 11:30:00,658 - awesome_ipc - INFO - Connected to socket: /tmp/audio_vfx.sock (via /tmp/audio_vfx.sock_client_200193)
2025-05-02 11:30:00,741 - awesome_ipc - WARNING - Socket error: [Errno 111] Connection refused. Attempting to reconnect...
2025-05-02 11:30:00,767 - __main__ - INFO - Shutting down...
2025-05-02 11:30:01,741 - awesome_ipc - INFO - Connected to socket: /tmp/audio_vfx.sock (via /tmp/audio_vfx.sock_client_200193)
2025-05-02 11:30:01,749 - audio_input - INFO - Audio stream stopped
2025-05-02 11:30:01,754 - awesome_ipc - INFO - Socket closed
2025-05-02 11:30:01,754 - awesome_ipc - INFO - Removed temporary socket file: /tmp/audio_vfx.sock_client_200193
2025-05-02 11:30:54,807 - audio_input - INFO - Audio device set to: Zen (idx: 25)
2025-05-02 11:30:54,807 - signal_analysis - INFO - Signal analyzer initialized: sr=48000, bs=4096
2025-05-02 11:30:54,807 - awesome_ipc - INFO - Connected to socket: /tmp/audio_vfx.sock (via /tmp/audio_vfx.sock_client_202464)
2025-05-02 11:30:54,807 - __main__ - INFO - Starting audio analysis... Press Ctrl+C to exit
2025-05-02 11:30:54,807 - audio_input - INFO - Using latency mode: high
2025-05-02 11:30:54,812 - audio_input - INFO - Audio stream started: device=25, sr=48000, blocksize=4096
2025-05-02 11:30:54,892 - awesome_ipc - WARNING - Socket error: [Errno 111] Connection refused. Attempting to reconnect...
2025-05-02 11:30:55,893 - awesome_ipc - INFO - Connected to socket: /tmp/audio_vfx.sock (via /tmp/audio_vfx.sock_client_202464)
2025-05-02 11:30:55,981 - awesome_ipc - WARNING - Socket error: [Errno 111] Connection refused. Attempting to reconnect...
2025-05-02 11:30:56,981 - awesome_ipc - INFO - Connected to socket: /tmp/audio_vfx.sock (via /tmp/audio_vfx.sock_client_202464)
2025-05-02 11:30:57,064 - awesome_ipc - WARNING - Socket error: [Errno 111] Connection refused. Attempting to reconnect...
2025-05-02 11:30:58,064 - awesome_ipc - INFO - Connected to socket: /tmp/audio_vfx.sock (via /tmp/audio_vfx.sock_client_202464)
2025-05-02 11:30:58,146 - awesome_ipc - WARNING - Socket error: [Errno 111] Connection refused. Attempting to reconnect...
2025-05-02 11:30:59,147 - awesome_ipc - INFO - Connected to socket: /tmp/audio_vfx.sock (via /tmp/audio_vfx.sock_client_202464)
2025-05-02 11:30:59,229 - awesome_ipc - WARNING - Socket error: [Errno 111] Connection refused. Attempting to reconnect...
2025-05-02 11:30:59,767 - __main__ - INFO - Shutting down...
2025-05-02 11:31:00,229 - awesome_ipc - INFO - Connected to socket: /tmp/audio_vfx.sock (via /tmp/audio_vfx.sock_client_202464)
2025-05-02 11:31:00,234 - audio_input - INFO - Audio stream stopped
2025-05-02 11:31:00,236 - awesome_ipc - INFO - Socket closed
2025-05-02 11:31:00,236 - awesome_ipc - INFO - Removed temporary socket file: /tmp/audio_vfx.sock_client_202464
